<?xml version="1.0" encoding="UTF-8"?>
<testsuite xmlns:xsi="http://www.w3.org/2001/XMLSchema-instance" xsi:noNamespaceSchemaLocation="https://maven.apache.org/surefire/maven-surefire-plugin/xsd/surefire-test-report-3.0.xsd" version="3.0" name="org.kie.kogito.dmn.quarkus.example.TrafficViolationTest" time="17.287" tests="1" errors="0" skipped="0" failures="0">
  <properties>
    <property name="sun.desktop" value="gnome"/>
    <property name="awt.toolkit" value="sun.awt.X11.XToolkit"/>
    <property name="java.specification.version" value="11"/>
    <property name="sun.cpu.isalist" value=""/>
    <property name="sun.jnu.encoding" value="UTF-8"/>
    <property name="test.url" value="http://localhost:46483"/>
    <property name="java.class.path" value="/home/melke/kogito-examples/kogito-quarkus-examples/dmn-quarkus-example/target/test-classes:/home/melke/kogito-examples/kogito-quarkus-examples/dmn-quarkus-example/target/classes:/home/melke/.m2/repository/org/kie/kogito/kogito-quarkus-decisions/1.37.0.Final/kogito-quarkus-decisions-1.37.0.Final.jar:/home/melke/.m2/repository/org/kie/kogito/kogito-quarkus-common/1.37.0.Final/kogito-quarkus-common-1.37.0.Final.jar:/home/melke/.m2/repository/org/kie/kogito/kogito-api-incubation-application/1.37.0.Final/kogito-api-incubation-application-1.37.0.Final.jar:/home/melke/.m2/repository/org/kie/kogito/kogito-api-incubation-common/1.37.0.Final/kogito-api-incubation-common-1.37.0.Final.jar:/home/melke/.m2/repository/org/kie/kogito/kogito-api-incubation-common-objectmapper/1.37.0.Final/kogito-api-incubation-common-objectmapper-1.37.0.Final.jar:/home/melke/.m2/repository/org/mvel/mvel2/2.4.12.Final/mvel2-2.4.12.Final.jar:/home/melke/.m2/repository/com/jayway/jsonpath/json-path/2.6.0/json-path-2.6.0.jar:/home/melke/.m2/repository/net/minidev/json-smart/2.4.7/json-smart-2.4.7.jar:/home/melke/.m2/repository/net/minidev/accessors-smart/2.4.7/accessors-smart-2.4.7.jar:/home/melke/.m2/repository/io/quarkus/arc/arc-processor/2.16.5.Final/arc-processor-2.16.5.Final.jar:/home/melke/.m2/repository/io/quarkus/gizmo/gizmo/1.6.0.Final/gizmo-1.6.0.Final.jar:/home/melke/.m2/repository/org/ow2/asm/asm-util/9.4/asm-util-9.4.jar:/home/melke/.m2/repository/org/ow2/asm/asm-analysis/9.4/asm-analysis-9.4.jar:/home/melke/.m2/repository/org/kie/kogito/kogito-api/1.37.0.Final/kogito-api-1.37.0.Final.jar:/home/melke/.m2/repository/io/cloudevents/cloudevents-api/2.3.0/cloudevents-api-2.3.0.jar:/home/melke/.m2/repository/org/kie/kie-dmn-api/8.37.0.Final/kie-dmn-api-8.37.0.Final.jar:/home/melke/.m2/repository/org/kie/kogito/kogito-timer/1.37.0.Final/kogito-timer-1.37.0.Final.jar:/home/melke/.m2/repository/org/kie/kogito/kogito-pmml-api-dependencies/1.37.0.Final/kogito-pmml-api-dependencies-1.37.0.Final.jar:/home/melke/.m2/repository/org/kie/kie-pmml-evaluator-api/8.37.0.Final/kie-pmml-evaluator-api-8.37.0.Final.jar:/home/melke/.m2/repository/org/kie/kie-pmml-commons/8.37.0.Final/kie-pmml-commons-8.37.0.Final.jar:/home/melke/.m2/repository/org/apache/commons/commons-text/1.10.0/commons-text-1.10.0.jar:/home/melke/.m2/repository/jakarta/annotation/jakarta.annotation-api/1.3.5/jakarta.annotation-api-1.3.5.jar:/home/melke/.m2/repository/org/kie/kogito/kogito-api-incubation-decisions-services/1.37.0.Final/kogito-api-incubation-decisions-services-1.37.0.Final.jar:/home/melke/.m2/repository/org/kie/kogito/kogito-api-incubation-decisions/1.37.0.Final/kogito-api-incubation-decisions-1.37.0.Final.jar:/home/melke/.m2/repository/io/cloudevents/cloudevents-json-jackson/2.3.0/cloudevents-json-jackson-2.3.0.jar:/home/melke/.m2/repository/io/cloudevents/cloudevents-core/2.3.0/cloudevents-core-2.3.0.jar:/home/melke/.m2/repository/com/fasterxml/jackson/core/jackson-core/2.14.2/jackson-core-2.14.2.jar:/home/melke/.m2/repository/com/fasterxml/jackson/core/jackson-databind/2.14.2/jackson-databind-2.14.2.jar:/home/melke/.m2/repository/org/kie/kogito/kogito-dmn/1.37.0.Final/kogito-dmn-1.37.0.Final.jar:/home/melke/.m2/repository/org/kie/kie-dmn-core/8.37.0.Final/kie-dmn-core-8.37.0.Final.jar:/home/melke/.m2/repository/org/kie/kie-dmn-model/8.37.0.Final/kie-dmn-model-8.37.0.Final.jar:/home/melke/.m2/repository/org/kie/kie-dmn-backend/8.37.0.Final/kie-dmn-backend-8.37.0.Final.jar:/home/melke/.m2/repository/org/kie/kie-dmn-feel/8.37.0.Final/kie-dmn-feel-8.37.0.Final.jar:/home/melke/.m2/repository/ch/obermuhlner/big-math/2.0.1/big-math-2.0.1.jar:/home/melke/.m2/repository/org/kie/kie-memory-compiler/8.37.0.Final/kie-memory-compiler-8.37.0.Final.jar:/home/melke/.m2/repository/org/drools/drools-model-compiler/8.37.0.Final/drools-model-compiler-8.37.0.Final.jar:/home/melke/.m2/repository/com/github/javaparser/javaparser-core/3.24.2/javaparser-core-3.24.2.jar:/home/melke/.m2/repository/org/drools/drools-mvel-parser/8.37.0.Final/drools-mvel-parser-8.37.0.Final.jar:/home/melke/.m2/repository/org/drools/drools-alphanetwork-compiler/8.37.0.Final/drools-alphanetwork-compiler-8.37.0.Final.jar:/home/melke/.m2/repository/org/kie/efesto-runtime-manager-core/8.37.0.Final/efesto-runtime-manager-core-8.37.0.Final.jar:/home/melke/.m2/repository/org/kie/efesto-runtime-manager-api/8.37.0.Final/efesto-runtime-manager-api-8.37.0.Final-tests.jar:/home/melke/.m2/repository/org/kie/efesto-common-utils/8.37.0.Final/efesto-common-utils-8.37.0.Final.jar:/home/melke/.m2/repository/org/antlr/antlr4-runtime/4.10.1/antlr4-runtime-4.10.1.jar:/home/melke/.m2/repository/org/jpmml/pmml-model/1.5.1/pmml-model-1.5.1.jar:/home/melke/.m2/repository/org/jpmml/pmml-agent/1.5.1/pmml-agent-1.5.1.jar:/home/melke/.m2/repository/org/kie/kie-dmn-validation/8.37.0.Final/kie-dmn-validation-8.37.0.Final.jar:/home/melke/.m2/repository/io/quarkus/quarkus-resteasy/2.16.5.Final/quarkus-resteasy-2.16.5.Final.jar:/home/melke/.m2/repository/io/quarkus/quarkus-vertx-http/2.16.5.Final/quarkus-vertx-http-2.16.5.Final.jar:/home/melke/.m2/repository/io/quarkus/quarkus-security-runtime-spi/2.16.5.Final/quarkus-security-runtime-spi-2.16.5.Final.jar:/home/melke/.m2/repository/io/quarkus/quarkus-credentials/2.16.5.Final/quarkus-credentials-2.16.5.Final.jar:/home/melke/.m2/repository/io/quarkus/quarkus-mutiny/2.16.5.Final/quarkus-mutiny-2.16.5.Final.jar:/home/melke/.m2/repository/io/quarkus/quarkus-smallrye-context-propagation/2.16.5.Final/quarkus-smallrye-context-propagation-2.16.5.Final.jar:/home/melke/.m2/repository/io/smallrye/smallrye-context-propagation/1.2.2/smallrye-context-propagation-1.2.2.jar:/home/melke/.m2/repository/io/smallrye/smallrye-context-propagation-api/1.2.2/smallrye-context-propagation-api-1.2.2.jar:/home/melke/.m2/repository/io/smallrye/smallrye-context-propagation-storage/1.2.2/smallrye-context-propagation-storage-1.2.2.jar:/home/melke/.m2/repository/io/smallrye/reactive/mutiny-smallrye-context-propagation/1.9.0/mutiny-smallrye-context-propagation-1.9.0.jar:/home/melke/.m2/repository/io/smallrye/common/smallrye-common-vertx-context/1.13.2/smallrye-common-vertx-context-1.13.2.jar:/home/melke/.m2/repository/io/vertx/vertx-core/4.3.7/vertx-core-4.3.7.jar:/home/melke/.m2/repository/io/netty/netty-common/4.1.86.Final/netty-common-4.1.86.Final.jar:/home/melke/.m2/repository/io/netty/netty-buffer/4.1.86.Final/netty-buffer-4.1.86.Final.jar:/home/melke/.m2/repository/io/netty/netty-transport/4.1.86.Final/netty-transport-4.1.86.Final.jar:/home/melke/.m2/repository/io/netty/netty-handler/4.1.86.Final/netty-handler-4.1.86.Final.jar:/home/melke/.m2/repository/io/netty/netty-transport-native-unix-common/4.1.86.Final/netty-transport-native-unix-common-4.1.86.Final.jar:/home/melke/.m2/repository/io/netty/netty-handler-proxy/4.1.86.Final/netty-handler-proxy-4.1.86.Final.jar:/home/melke/.m2/repository/io/netty/netty-codec-socks/4.1.86.Final/netty-codec-socks-4.1.86.Final.jar:/home/melke/.m2/repository/io/netty/netty-codec-http/4.1.86.Final/netty-codec-http-4.1.86.Final.jar:/home/melke/.m2/repository/io/netty/netty-codec-http2/4.1.86.Final/netty-codec-http2-4.1.86.Final.jar:/home/melke/.m2/repository/io/netty/netty-resolver/4.1.86.Final/netty-resolver-4.1.86.Final.jar:/home/melke/.m2/repository/io/netty/netty-resolver-dns/4.1.86.Final/netty-resolver-dns-4.1.86.Final.jar:/home/melke/.m2/repository/io/netty/netty-codec-dns/4.1.86.Final/netty-codec-dns-4.1.86.Final.jar:/home/melke/.m2/repository/io/smallrye/common/smallrye-common-constraint/1.13.2/smallrye-common-constraint-1.13.2.jar:/home/melke/.m2/repository/io/quarkus/quarkus-vertx-http-dev-console-runtime-spi/2.16.5.Final/quarkus-vertx-http-dev-console-runtime-spi-2.16.5.Final.jar:/home/melke/.m2/repository/io/quarkus/security/quarkus-security/1.1.4.Final/quarkus-security-1.1.4.Final.jar:/home/melke/.m2/repository/io/quarkus/quarkus-vertx/2.16.5.Final/quarkus-vertx-2.16.5.Final.jar:/home/melke/.m2/repository/io/quarkus/quarkus-netty/2.16.5.Final/quarkus-netty-2.16.5.Final.jar:/home/melke/.m2/repository/io/netty/netty-codec/4.1.86.Final/netty-codec-4.1.86.Final.jar:/home/melke/.m2/repository/com/aayushatharva/brotli4j/brotli4j/1.8.0/brotli4j-1.8.0.jar:/home/melke/.m2/repository/com/aayushatharva/brotli4j/native-linux-x86_64/1.8.0/native-linux-x86_64-1.8.0.jar:/home/melke/.m2/repository/io/netty/netty-codec-haproxy/4.1.86.Final/netty-codec-haproxy-4.1.86.Final.jar:/home/melke/.m2/repository/io/smallrye/common/smallrye-common-annotation/1.13.2/smallrye-common-annotation-1.13.2.jar:/home/melke/.m2/repository/io/quarkus/quarkus-vertx-latebound-mdc-provider/2.16.5.Final/quarkus-vertx-latebound-mdc-provider-2.16.5.Final.jar:/home/melke/.m2/repository/io/smallrye/reactive/smallrye-mutiny-vertx-core/2.30.1/smallrye-mutiny-vertx-core-2.30.1.jar:/home/melke/.m2/repository/io/smallrye/reactive/smallrye-mutiny-vertx-runtime/2.30.1/smallrye-mutiny-vertx-runtime-2.30.1.jar:/home/melke/.m2/repository/io/smallrye/reactive/vertx-mutiny-generator/2.30.1/vertx-mutiny-generator-2.30.1.jar:/home/melke/.m2/repository/io/vertx/vertx-codegen/4.3.7/vertx-codegen-4.3.7.jar:/home/melke/.m2/repository/io/smallrye/smallrye-fault-tolerance-vertx/5.6.0/smallrye-fault-tolerance-vertx-5.6.0.jar:/home/melke/.m2/repository/io/smallrye/reactive/smallrye-mutiny-vertx-web/2.30.1/smallrye-mutiny-vertx-web-2.30.1.jar:/home/melke/.m2/repository/io/smallrye/reactive/smallrye-mutiny-vertx-web-common/2.30.1/smallrye-mutiny-vertx-web-common-2.30.1.jar:/home/melke/.m2/repository/io/smallrye/reactive/smallrye-mutiny-vertx-auth-common/2.30.1/smallrye-mutiny-vertx-auth-common-2.30.1.jar:/home/melke/.m2/repository/io/smallrye/reactive/smallrye-mutiny-vertx-bridge-common/2.30.1/smallrye-mutiny-vertx-bridge-common-2.30.1.jar:/home/melke/.m2/repository/io/smallrye/reactive/smallrye-mutiny-vertx-uri-template/2.30.1/smallrye-mutiny-vertx-uri-template-2.30.1.jar:/home/melke/.m2/repository/io/vertx/vertx-uri-template/4.3.7/vertx-uri-template-4.3.7.jar:/home/melke/.m2/repository/io/vertx/vertx-web/4.3.7/vertx-web-4.3.7.jar:/home/melke/.m2/repository/io/vertx/vertx-web-common/4.3.7/vertx-web-common-4.3.7.jar:/home/melke/.m2/repository/io/vertx/vertx-auth-common/4.3.7/vertx-auth-common-4.3.7.jar:/home/melke/.m2/repository/io/vertx/vertx-bridge-common/4.3.7/vertx-bridge-common-4.3.7.jar:/home/melke/.m2/repository/io/github/crac/org-crac/0.1.3/org-crac-0.1.3.jar:/home/melke/.m2/repository/io/quarkus/quarkus-resteasy-server-common/2.16.5.Final/quarkus-resteasy-server-common-2.16.5.Final.jar:/home/melke/.m2/repository/io/quarkus/quarkus-resteasy-common/2.16.5.Final/quarkus-resteasy-common-2.16.5.Final.jar:/home/melke/.m2/repository/org/jboss/resteasy/resteasy-core/4.7.7.Final/resteasy-core-4.7.7.Final.jar:/home/melke/.m2/repository/org/jboss/spec/javax/ws/rs/jboss-jaxrs-api_2.1_spec/2.0.1.Final/jboss-jaxrs-api_2.1_spec-2.0.1.Final.jar:/home/melke/.m2/repository/org/jboss/resteasy/resteasy-core-spi/4.7.7.Final/resteasy-core-spi-4.7.7.Final.jar:/home/melke/.m2/repository/com/ibm/async/asyncutil/0.1.0/asyncutil-0.1.0.jar:/home/melke/.m2/repository/com/sun/activation/jakarta.activation/1.2.1/jakarta.activation-1.2.1.jar:/home/melke/.m2/repository/jakarta/validation/jakarta.validation-api/2.0.2/jakarta.validation-api-2.0.2.jar:/home/melke/.m2/repository/io/quarkus/quarkus-arc/2.16.5.Final/quarkus-arc-2.16.5.Final.jar:/home/melke/.m2/repository/io/quarkus/arc/arc/2.16.5.Final/arc-2.16.5.Final.jar:/home/melke/.m2/repository/jakarta/enterprise/jakarta.enterprise.cdi-api/2.0.2/jakarta.enterprise.cdi-api-2.0.2.jar:/home/melke/.m2/repository/jakarta/el/jakarta.el-api/3.0.3/jakarta.el-api-3.0.3.jar:/home/melke/.m2/repository/jakarta/interceptor/jakarta.interceptor-api/1.2.5/jakarta.interceptor-api-1.2.5.jar:/home/melke/.m2/repository/jakarta/transaction/jakarta.transaction-api/1.3.3/jakarta.transaction-api-1.3.3.jar:/home/melke/.m2/repository/io/smallrye/reactive/mutiny/1.9.0/mutiny-1.9.0.jar:/home/melke/.m2/repository/org/reactivestreams/reactive-streams/1.0.3/reactive-streams-1.0.3.jar:/home/melke/.m2/repository/org/jboss/logging/jboss-logging/3.5.0.Final/jboss-logging-3.5.0.Final.jar:/home/melke/.m2/repository/io/quarkus/quarkus-core/2.16.5.Final/quarkus-core-2.16.5.Final.jar:/home/melke/.m2/repository/jakarta/inject/jakarta.inject-api/1.0/jakarta.inject-api-1.0.jar:/home/melke/.m2/repository/io/quarkus/quarkus-ide-launcher/2.16.5.Final/quarkus-ide-launcher-2.16.5.Final.jar:/home/melke/.m2/repository/io/quarkus/quarkus-development-mode-spi/2.16.5.Final/quarkus-development-mode-spi-2.16.5.Final.jar:/home/melke/.m2/repository/io/smallrye/config/smallrye-config/2.13.3/smallrye-config-2.13.3.jar:/home/melke/.m2/repository/io/smallrye/config/smallrye-config-core/2.13.3/smallrye-config-core-2.13.3.jar:/home/melke/.m2/repository/io/smallrye/common/smallrye-common-expression/1.13.2/smallrye-common-expression-1.13.2.jar:/home/melke/.m2/repository/io/smallrye/common/smallrye-common-function/1.13.2/smallrye-common-function-1.13.2.jar:/home/melke/.m2/repository/io/smallrye/common/smallrye-common-classloader/1.13.2/smallrye-common-classloader-1.13.2.jar:/home/melke/.m2/repository/io/smallrye/config/smallrye-config-common/2.13.3/smallrye-config-common-2.13.3.jar:/home/melke/.m2/repository/org/jboss/logmanager/jboss-logmanager-embedded/1.0.11/jboss-logmanager-embedded-1.0.11.jar:/home/melke/.m2/repository/org/jboss/logging/jboss-logging-annotations/2.2.1.Final/jboss-logging-annotations-2.2.1.Final.jar:/home/melke/.m2/repository/org/jboss/threads/jboss-threads/3.4.3.Final/jboss-threads-3.4.3.Final.jar:/home/melke/.m2/repository/org/slf4j/slf4j-api/1.7.36/slf4j-api-1.7.36.jar:/home/melke/.m2/repository/org/jboss/slf4j/slf4j-jboss-logmanager/1.2.0.Final/slf4j-jboss-logmanager-1.2.0.Final.jar:/home/melke/.m2/repository/org/graalvm/sdk/graal-sdk/22.3.0/graal-sdk-22.3.0.jar:/home/melke/.m2/repository/org/wildfly/common/wildfly-common/1.5.4.Final-format-001/wildfly-common-1.5.4.Final-format-001.jar:/home/melke/.m2/repository/io/quarkus/quarkus-bootstrap-runner/2.16.5.Final/quarkus-bootstrap-runner-2.16.5.Final.jar:/home/melke/.m2/repository/io/quarkus/quarkus-fs-util/0.0.9/quarkus-fs-util-0.0.9.jar:/home/melke/.m2/repository/org/eclipse/microprofile/context-propagation/microprofile-context-propagation-api/1.2/microprofile-context-propagation-api-1.2.jar:/home/melke/.m2/repository/io/quarkus/quarkus-resteasy-jackson/2.16.5.Final/quarkus-resteasy-jackson-2.16.5.Final.jar:/home/melke/.m2/repository/io/quarkus/quarkus-jackson/2.16.5.Final/quarkus-jackson-2.16.5.Final.jar:/home/melke/.m2/repository/com/fasterxml/jackson/datatype/jackson-datatype-jsr310/2.14.2/jackson-datatype-jsr310-2.14.2.jar:/home/melke/.m2/repository/com/fasterxml/jackson/datatype/jackson-datatype-jdk8/2.14.2/jackson-datatype-jdk8-2.14.2.jar:/home/melke/.m2/repository/com/fasterxml/jackson/module/jackson-module-parameter-names/2.14.2/jackson-module-parameter-names-2.14.2.jar:/home/melke/.m2/repository/org/jboss/resteasy/resteasy-jackson2-provider/4.7.7.Final/resteasy-jackson2-provider-4.7.7.Final.jar:/home/melke/.m2/repository/com/fasterxml/jackson/core/jackson-annotations/2.14.2/jackson-annotations-2.14.2.jar:/home/melke/.m2/repository/com/fasterxml/jackson/jaxrs/jackson-jaxrs-json-provider/2.14.2/jackson-jaxrs-json-provider-2.14.2.jar:/home/melke/.m2/repository/com/fasterxml/jackson/jaxrs/jackson-jaxrs-base/2.14.2/jackson-jaxrs-base-2.14.2.jar:/home/melke/.m2/repository/com/fasterxml/jackson/module/jackson-module-jaxb-annotations/2.14.2/jackson-module-jaxb-annotations-2.14.2.jar:/home/melke/.m2/repository/com/github/java-json-tools/json-patch/1.13/json-patch-1.13.jar:/home/melke/.m2/repository/com/github/java-json-tools/msg-simple/1.2/msg-simple-1.2.jar:/home/melke/.m2/repository/com/github/java-json-tools/btf/1.3/btf-1.3.jar:/home/melke/.m2/repository/com/github/java-json-tools/jackson-coreutils/2.0/jackson-coreutils-2.0.jar:/home/melke/.m2/repository/org/jboss/spec/javax/xml/bind/jboss-jaxb-api_2.3_spec/2.0.0.Final/jboss-jaxb-api_2.3_spec-2.0.0.Final.jar:/home/melke/.m2/repository/io/quarkus/quarkus-openshift/2.16.5.Final/quarkus-openshift-2.16.5.Final.jar:/home/melke/.m2/repository/io/quarkus/quarkus-kubernetes-client-internal/2.16.5.Final/quarkus-kubernetes-client-internal-2.16.5.Final.jar:/home/melke/.m2/repository/io/quarkus/quarkus-container-image-openshift/2.16.5.Final/quarkus-container-image-openshift-2.16.5.Final.jar:/home/melke/.m2/repository/io/quarkus/quarkus-container-image/2.16.5.Final/quarkus-container-image-2.16.5.Final.jar:/home/melke/.m2/repository/io/quarkus/quarkus-kubernetes/2.16.5.Final/quarkus-kubernetes-2.16.5.Final.jar:/home/melke/.m2/repository/io/quarkus/quarkus-smallrye-openapi/2.16.5.Final/quarkus-smallrye-openapi-2.16.5.Final.jar:/home/melke/.m2/repository/io/smallrye/smallrye-open-api-core/3.1.1/smallrye-open-api-core-3.1.1.jar:/home/melke/.m2/repository/org/eclipse/microprofile/openapi/microprofile-openapi-api/2.0.1/microprofile-openapi-api-2.0.1.jar:/home/melke/.m2/repository/org/eclipse/microprofile/config/microprofile-config-api/2.0.1/microprofile-config-api-2.0.1.jar:/home/melke/.m2/repository/com/fasterxml/jackson/dataformat/jackson-dataformat-yaml/2.14.2/jackson-dataformat-yaml-2.14.2.jar:/home/melke/.m2/repository/org/yaml/snakeyaml/1.33/snakeyaml-1.33.jar:/home/melke/.m2/repository/io/smallrye/jandex/3.0.5/jandex-3.0.5.jar:/home/melke/.m2/repository/io/quarkus/quarkus-swagger-ui/2.16.5.Final/quarkus-swagger-ui-2.16.5.Final.jar:/home/melke/.m2/repository/io/quarkus/quarkus-junit5/2.16.5.Final/quarkus-junit5-2.16.5.Final.jar:/home/melke/.m2/repository/io/quarkus/quarkus-bootstrap-core/2.16.5.Final/quarkus-bootstrap-core-2.16.5.Final.jar:/home/melke/.m2/repository/io/quarkus/quarkus-bootstrap-app-model/2.16.5.Final/quarkus-bootstrap-app-model-2.16.5.Final.jar:/home/melke/.m2/repository/io/smallrye/common/smallrye-common-io/1.13.2/smallrye-common-io-1.13.2.jar:/home/melke/.m2/repository/org/eclipse/sisu/org.eclipse.sisu.inject/0.3.5/org.eclipse.sisu.inject-0.3.5.jar:/home/melke/.m2/repository/io/quarkus/quarkus-test-common/2.16.5.Final/quarkus-test-common-2.16.5.Final.jar:/home/melke/.m2/repository/io/quarkus/quarkus-core-deployment/2.16.5.Final/quarkus-core-deployment-2.16.5.Final.jar:/home/melke/.m2/repository/org/aesh/readline/2.2/readline-2.2.jar:/home/melke/.m2/repository/org/fusesource/jansi/jansi/1.18/jansi-1.18.jar:/home/melke/.m2/repository/org/aesh/aesh/2.7/aesh-2.7.jar:/home/melke/.m2/repository/org/ow2/asm/asm/9.4/asm-9.4.jar:/home/melke/.m2/repository/org/ow2/asm/asm-commons/9.4/asm-commons-9.4.jar:/home/melke/.m2/repository/org/ow2/asm/asm-tree/9.4/asm-tree-9.4.jar:/home/melke/.m2/repository/io/quarkus/quarkus-class-change-agent/2.16.5.Final/quarkus-class-change-agent-2.16.5.Final.jar:/home/melke/.m2/repository/io/quarkus/quarkus-devtools-utilities/2.16.5.Final/quarkus-devtools-utilities-2.16.5.Final.jar:/home/melke/.m2/repository/io/quarkus/quarkus-builder/2.16.5.Final/quarkus-builder-2.16.5.Final.jar:/home/melke/.m2/repository/org/junit/platform/junit-platform-launcher/1.9.2/junit-platform-launcher-1.9.2.jar:/home/melke/.m2/repository/io/quarkus/quarkus-bootstrap-maven-resolver/2.16.5.Final/quarkus-bootstrap-maven-resolver-2.16.5.Final.jar:/home/melke/.m2/repository/org/apache/maven/maven-embedder/3.8.6/maven-embedder-3.8.6.jar:/home/melke/.m2/repository/org/apache/maven/maven-settings/3.8.6/maven-settings-3.8.6.jar:/home/melke/.m2/repository/org/apache/maven/maven-core/3.8.6/maven-core-3.8.6.jar:/home/melke/.m2/repository/org/apache/maven/maven-artifact/3.8.6/maven-artifact-3.8.6.jar:/home/melke/.m2/repository/org/codehaus/plexus/plexus-component-annotations/1.6/plexus-component-annotations-1.6.jar:/home/melke/.m2/repository/org/apache/maven/maven-plugin-api/3.8.6/maven-plugin-api-3.8.6.jar:/home/melke/.m2/repository/org/apache/maven/maven-model/3.8.6/maven-model-3.8.6.jar:/home/melke/.m2/repository/org/apache/maven/maven-model-builder/3.8.6/maven-model-builder-3.8.6.jar:/home/melke/.m2/repository/org/apache/maven/maven-builder-support/3.8.6/maven-builder-support-3.8.6.jar:/home/melke/.m2/repository/org/apache/maven/resolver/maven-resolver-api/1.6.3/maven-resolver-api-1.6.3.jar:/home/melke/.m2/repository/org/apache/maven/resolver/maven-resolver-util/1.6.3/maven-resolver-util-1.6.3.jar:/home/melke/.m2/repository/org/apache/maven/shared/maven-shared-utils/3.3.4/maven-shared-utils-3.3.4.jar:/home/melke/.m2/repository/commons-io/commons-io/2.11.0/commons-io-2.11.0.jar:/home/melke/.m2/repository/com/google/inject/guice/4.2.2/guice-4.2.2-no_aop.jar:/home/melke/.m2/repository/com/google/guava/guava/31.1-jre/guava-31.1-jre.jar:/home/melke/.m2/repository/com/google/guava/failureaccess/1.0.1/failureaccess-1.0.1.jar:/home/melke/.m2/repository/org/codehaus/plexus/plexus-classworlds/2.6.0/plexus-classworlds-2.6.0.jar:/home/melke/.m2/repository/org/codehaus/plexus/plexus-sec-dispatcher/2.0/plexus-sec-dispatcher-2.0.jar:/home/melke/.m2/repository/org/codehaus/plexus/plexus-cipher/2.0/plexus-cipher-2.0.jar:/home/melke/.m2/repository/commons-cli/commons-cli/1.4/commons-cli-1.4.jar:/home/melke/.m2/repository/org/eclipse/sisu/org.eclipse.sisu.plexus/0.3.5/org.eclipse.sisu.plexus-0.3.5.jar:/home/melke/.m2/repository/org/apache/maven/maven-settings-builder/3.8.6/maven-settings-builder-3.8.6.jar:/home/melke/.m2/repository/org/codehaus/plexus/plexus-interpolation/1.26/plexus-interpolation-1.26.jar:/home/melke/.m2/repository/org/apache/maven/maven-resolver-provider/3.8.6/maven-resolver-provider-3.8.6.jar:/home/melke/.m2/repository/org/apache/maven/maven-repository-metadata/3.8.6/maven-repository-metadata-3.8.6.jar:/home/melke/.m2/repository/org/apache/maven/resolver/maven-resolver-spi/1.6.3/maven-resolver-spi-1.6.3.jar:/home/melke/.m2/repository/org/apache/maven/resolver/maven-resolver-impl/1.6.3/maven-resolver-impl-1.6.3.jar:/home/melke/.m2/repository/org/codehaus/plexus/plexus-utils/3.3.0/plexus-utils-3.3.0.jar:/home/melke/.m2/repository/org/apache/maven/resolver/maven-resolver-connector-basic/1.6.3/maven-resolver-connector-basic-1.6.3.jar:/home/melke/.m2/repository/org/apache/maven/resolver/maven-resolver-transport-wagon/1.6.3/maven-resolver-transport-wagon-1.6.3.jar:/home/melke/.m2/repository/org/apache/maven/wagon/wagon-http/3.5.1/wagon-http-3.5.1.jar:/home/melke/.m2/repository/org/apache/maven/wagon/wagon-http-shared/3.5.1/wagon-http-shared-3.5.1.jar:/home/melke/.m2/repository/org/apache/maven/wagon/wagon-provider-api/3.5.1/wagon-provider-api-3.5.1.jar:/home/melke/.m2/repository/org/apache/maven/wagon/wagon-file/3.5.1/wagon-file-3.5.1.jar:/home/melke/.m2/repository/io/quarkus/quarkus-bootstrap-gradle-resolver/2.16.5.Final/quarkus-bootstrap-gradle-resolver-2.16.5.Final.jar:/home/melke/.m2/repository/org/jboss/logging/commons-logging-jboss-logging/1.0.0.Final/commons-logging-jboss-logging-1.0.0.Final.jar:/home/melke/.m2/repository/io/quarkus/quarkus-junit5-properties/2.16.5.Final/quarkus-junit5-properties-2.16.5.Final.jar:/home/melke/.m2/repository/org/junit/jupiter/junit-jupiter/5.9.2/junit-jupiter-5.9.2.jar:/home/melke/.m2/repository/org/junit/jupiter/junit-jupiter-api/5.9.2/junit-jupiter-api-5.9.2.jar:/home/melke/.m2/repository/org/opentest4j/opentest4j/1.2.0/opentest4j-1.2.0.jar:/home/melke/.m2/repository/org/junit/platform/junit-platform-commons/1.9.2/junit-platform-commons-1.9.2.jar:/home/melke/.m2/repository/org/junit/jupiter/junit-jupiter-params/5.9.2/junit-jupiter-params-5.9.2.jar:/home/melke/.m2/repository/org/junit/jupiter/junit-jupiter-engine/5.9.2/junit-jupiter-engine-5.9.2.jar:/home/melke/.m2/repository/com/thoughtworks/xstream/xstream/1.4.20/xstream-1.4.20.jar:/home/melke/.m2/repository/io/github/x-stream/mxparser/1.2.2/mxparser-1.2.2.jar:/home/melke/.m2/repository/xmlpull/xmlpull/1.1.3.1/xmlpull-1.1.3.1.jar:/home/melke/.m2/repository/io/rest-assured/rest-assured/4.5.1/rest-assured-4.5.1.jar:/home/melke/.m2/repository/org/codehaus/groovy/groovy/3.0.9/groovy-3.0.9.jar:/home/melke/.m2/repository/org/codehaus/groovy/groovy-xml/3.0.9/groovy-xml-3.0.9.jar:/home/melke/.m2/repository/org/apache/httpcomponents/httpclient/4.5.14/httpclient-4.5.14.jar:/home/melke/.m2/repository/org/apache/httpcomponents/httpcore/4.4.16/httpcore-4.4.16.jar:/home/melke/.m2/repository/commons-codec/commons-codec/1.15/commons-codec-1.15.jar:/home/melke/.m2/repository/org/apache/httpcomponents/httpmime/4.5.14/httpmime-4.5.14.jar:/home/melke/.m2/repository/org/hamcrest/hamcrest/2.1/hamcrest-2.1.jar:/home/melke/.m2/repository/org/ccil/cowan/tagsoup/tagsoup/1.2.1/tagsoup-1.2.1.jar:/home/melke/.m2/repository/io/rest-assured/json-path/4.5.1/json-path-4.5.1.jar:/home/melke/.m2/repository/org/codehaus/groovy/groovy-json/3.0.9/groovy-json-3.0.9.jar:/home/melke/.m2/repository/io/rest-assured/rest-assured-common/4.5.1/rest-assured-common-4.5.1.jar:/home/melke/.m2/repository/io/rest-assured/xml-path/4.5.1/xml-path-4.5.1.jar:/home/melke/.m2/repository/org/apache/commons/commons-lang3/3.12.0/commons-lang3-3.12.0.jar:/home/melke/.m2/repository/org/kie/kogito/kogito-scenario-simulation/1.37.0.Final/kogito-scenario-simulation-1.37.0.Final.jar:/home/melke/.m2/repository/org/kie/kogito/kogito-pmml/1.37.0.Final/kogito-pmml-1.37.0.Final.jar:/home/melke/.m2/repository/org/kie/kie-pmml-dependencies/8.37.0.Final/kie-pmml-dependencies-8.37.0.Final.jar:/home/melke/.m2/repository/org/kie/kie-pmml-api/8.37.0.Final/kie-pmml-api-8.37.0.Final.jar:/home/melke/.m2/repository/org/apache/commons/commons-math3/3.4.1/commons-math3-3.4.1.jar:/home/melke/.m2/repository/org/kie/kie-pmml-compiler-api/8.37.0.Final/kie-pmml-compiler-api-8.37.0.Final.jar:/home/melke/.m2/repository/org/glassfish/jaxb/jaxb-runtime/2.3.3-b02/jaxb-runtime-2.3.3-b02.jar:/home/melke/.m2/repository/jakarta/xml/bind/jakarta.xml.bind-api/2.3.3/jakarta.xml.bind-api-2.3.3.jar:/home/melke/.m2/repository/org/glassfish/jaxb/txw2/2.3.3-b02/txw2-2.3.3-b02.jar:/home/melke/.m2/repository/com/sun/istack/istack-commons-runtime/3.0.10/istack-commons-runtime-3.0.10.jar:/home/melke/.m2/repository/org/kie/kie-pmml-compiler-core/8.37.0.Final/kie-pmml-compiler-core-8.37.0.Final.jar:/home/melke/.m2/repository/org/kie/kie-pmml-compiler-commons/8.37.0.Final/kie-pmml-compiler-commons-8.37.0.Final.jar:/home/melke/.m2/repository/org/kie/kie-pmml-evaluator-core/8.37.0.Final/kie-pmml-evaluator-core-8.37.0.Final.jar:/home/melke/.m2/repository/org/kie/kie-pmml-evaluator-utils/8.37.0.Final/kie-pmml-evaluator-utils-8.37.0.Final.jar:/home/melke/.m2/repository/org/kie/kie-pmml-models-drools-common/8.37.0.Final/kie-pmml-models-drools-common-8.37.0.Final.jar:/home/melke/.m2/repository/org/kie/kie-pmml-models-regression-model/8.37.0.Final/kie-pmml-models-regression-model-8.37.0.Final.jar:/home/melke/.m2/repository/org/kie/kie-pmml-models-regression-compiler/8.37.0.Final/kie-pmml-models-regression-compiler-8.37.0.Final.jar:/home/melke/.m2/repository/org/kie/kie-pmml-models-regression-evaluator/8.37.0.Final/kie-pmml-models-regression-evaluator-8.37.0.Final.jar:/home/melke/.m2/repository/org/kie/kie-pmml-models-mining-model/8.37.0.Final/kie-pmml-models-mining-model-8.37.0.Final.jar:/home/melke/.m2/repository/org/kie/kie-pmml-models-mining-compiler/8.37.0.Final/kie-pmml-models-mining-compiler-8.37.0.Final.jar:/home/melke/.m2/repository/org/kie/kie-pmml-models-mining-evaluator/8.37.0.Final/kie-pmml-models-mining-evaluator-8.37.0.Final.jar:/home/melke/.m2/repository/org/kie/kie-pmml-models-clustering-model/8.37.0.Final/kie-pmml-models-clustering-model-8.37.0.Final.jar:/home/melke/.m2/repository/org/kie/kie-pmml-models-clustering-compiler/8.37.0.Final/kie-pmml-models-clustering-compiler-8.37.0.Final.jar:/home/melke/.m2/repository/org/kie/kie-pmml-models-clustering-evaluator/8.37.0.Final/kie-pmml-models-clustering-evaluator-8.37.0.Final.jar:/home/melke/.m2/repository/org/kie/kie-pmml-models-drools-tree-model/8.37.0.Final/kie-pmml-models-drools-tree-model-8.37.0.Final.jar:/home/melke/.m2/repository/org/kie/kie-pmml-models-drools-tree-compiler/8.37.0.Final/kie-pmml-models-drools-tree-compiler-8.37.0.Final.jar:/home/melke/.m2/repository/org/kie/kie-pmml-models-drools-tree-evaluator/8.37.0.Final/kie-pmml-models-drools-tree-evaluator-8.37.0.Final.jar:/home/melke/.m2/repository/org/kie/kie-pmml-compiler-api/8.37.0.Final/kie-pmml-compiler-api-8.37.0.Final-tests.jar:/home/melke/.m2/repository/org/kie/kie-pmml-models-drools-scorecard-model/8.37.0.Final/kie-pmml-models-drools-scorecard-model-8.37.0.Final.jar:/home/melke/.m2/repository/org/kie/kie-pmml-models-drools-scorecard-compiler/8.37.0.Final/kie-pmml-models-drools-scorecard-compiler-8.37.0.Final.jar:/home/melke/.m2/repository/org/kie/kie-pmml-models-drools-scorecard-evaluator/8.37.0.Final/kie-pmml-models-drools-scorecard-evaluator-8.37.0.Final.jar:/home/melke/.m2/repository/org/kie/efesto-dependencies/8.37.0.Final/efesto-dependencies-8.37.0.Final.jar:/home/melke/.m2/repository/org/kie/efesto-common-api/8.37.0.Final/efesto-common-api-8.37.0.Final.jar:/home/melke/.m2/repository/org/kie/efesto-common-core/8.37.0.Final/efesto-common-core-8.37.0.Final.jar:/home/melke/.m2/repository/org/kie/efesto-compilation-manager-api/8.37.0.Final/efesto-compilation-manager-api-8.37.0.Final.jar:/home/melke/.m2/repository/org/kie/efesto-runtime-manager-api/8.37.0.Final/efesto-runtime-manager-api-8.37.0.Final.jar:/home/melke/.m2/repository/org/assertj/assertj-core/3.22.0/assertj-core-3.22.0.jar:/home/melke/.m2/repository/org/kie/kie-drl-compilation-common/8.37.0.Final/kie-drl-compilation-common-8.37.0.Final.jar:/home/melke/.m2/repository/org/kie/efesto-compilation-manager-core/8.37.0.Final/efesto-compilation-manager-core-8.37.0.Final.jar:/home/melke/.m2/repository/org/drools/drools-model-codegen/8.37.0.Final/drools-model-codegen-8.37.0.Final.jar:/home/melke/.m2/repository/org/drools/drools-util/8.37.0.Final/drools-util-8.37.0.Final.jar:/home/melke/.m2/repository/org/drools/drools-codegen-common/8.37.0.Final/drools-codegen-common-8.37.0.Final.jar:/home/melke/.m2/repository/org/drools/drools-mvel-compiler/8.37.0.Final/drools-mvel-compiler-8.37.0.Final.jar:/home/melke/.m2/repository/org/drools/drools-ruleunits-api/8.37.0.Final/drools-ruleunits-api-8.37.0.Final.jar:/home/melke/.m2/repository/org/drools/drools-ruleunits-impl/8.37.0.Final/drools-ruleunits-impl-8.37.0.Final.jar:/home/melke/.m2/repository/org/kie/kie-drl-api/8.37.0.Final/kie-drl-api-8.37.0.Final.jar:/home/melke/.m2/repository/org/kie/kie-drl-map-input-runtime/8.37.0.Final/kie-drl-map-input-runtime-8.37.0.Final.jar:/home/melke/.m2/repository/org/kie/kie-drl-runtime-common/8.37.0.Final/kie-drl-runtime-common-8.37.0.Final.jar:/home/melke/.m2/repository/org/drools/drools-canonical-model/8.37.0.Final/drools-canonical-model-8.37.0.Final.jar:/home/melke/.m2/repository/org/drools/drools-mvel/8.37.0.Final/drools-mvel-8.37.0.Final.jar:/home/melke/.m2/repository/org/kie/kie-api/8.37.0.Final/kie-api-8.37.0.Final.jar:/home/melke/.m2/repository/org/kie/kie-internal/8.37.0.Final/kie-internal-8.37.0.Final.jar:/home/melke/.m2/repository/org/drools/drools-core/8.37.0.Final/drools-core-8.37.0.Final.jar:/home/melke/.m2/repository/org/kie/kie-util-xml/8.37.0.Final/kie-util-xml-8.37.0.Final.jar:/home/melke/.m2/repository/org/drools/drools-wiring-static/8.37.0.Final/drools-wiring-static-8.37.0.Final.jar:/home/melke/.m2/repository/org/drools/drools-io/8.37.0.Final/drools-io-8.37.0.Final.jar:/home/melke/.m2/repository/org/drools/drools-compiler/8.37.0.Final/drools-compiler-8.37.0.Final.jar:/home/melke/.m2/repository/org/drools/drools-drl-parser/8.37.0.Final/drools-drl-parser-8.37.0.Final.jar:/home/melke/.m2/repository/org/drools/drools-drl-extensions/8.37.0.Final/drools-drl-extensions-8.37.0.Final.jar:/home/melke/.m2/repository/org/drools/drools-drl-ast/8.37.0.Final/drools-drl-ast-8.37.0.Final.jar:/home/melke/.m2/repository/org/drools/drools-kiesession/8.37.0.Final/drools-kiesession-8.37.0.Final.jar:/home/melke/.m2/repository/org/drools/drools-ecj/8.37.0.Final/drools-ecj-8.37.0.Final.jar:/home/melke/.m2/repository/org/kie/kie-util-maven-support/8.37.0.Final/kie-util-maven-support-8.37.0.Final.jar:/home/melke/.m2/repository/org/antlr/antlr-runtime/3.5.2/antlr-runtime-3.5.2.jar:/home/melke/.m2/repository/org/kie/kogito/kogito-drools/1.37.0.Final/kogito-drools-1.37.0.Final.jar:/home/melke/.m2/repository/org/drools/drools-wiring-dynamic/8.37.0.Final/drools-wiring-dynamic-8.37.0.Final.jar:/home/melke/.m2/repository/org/drools/drools-wiring-api/8.37.0.Final/drools-wiring-api-8.37.0.Final.jar:/home/melke/.m2/repository/org/junit/vintage/junit-vintage-engine/5.9.2/junit-vintage-engine-5.9.2.jar:/home/melke/.m2/repository/org/junit/platform/junit-platform-engine/1.9.2/junit-platform-engine-1.9.2.jar:/home/melke/.m2/repository/junit/junit/4.13.2/junit-4.13.2.jar:/home/melke/.m2/repository/org/hamcrest/hamcrest-core/1.3/hamcrest-core-1.3.jar:/home/melke/.m2/repository/org/apiguardian/apiguardian-api/1.1.2/apiguardian-api-1.1.2.jar:/home/melke/.m2/repository/org/drools/drools-scenario-simulation-api/8.37.0.Final/drools-scenario-simulation-api-8.37.0.Final.jar:/home/melke/.m2/repository/org/drools/drools-scenario-simulation-backend/8.37.0.Final/drools-scenario-simulation-backend-8.37.0.Final.jar:/home/melke/.m2/repository/org/drools/drools-commands/8.37.0.Final/drools-commands-8.37.0.Final.jar:/home/melke/.m2/repository/io/quarkus/quarkus-smallrye-health/2.16.5.Final/quarkus-smallrye-health-2.16.5.Final.jar:/home/melke/.m2/repository/io/smallrye/smallrye-health/3.3.1/smallrye-health-3.3.1.jar:/home/melke/.m2/repository/org/eclipse/microprofile/health/microprofile-health-api/3.1/microprofile-health-api-3.1.jar:/home/melke/.m2/repository/io/smallrye/smallrye-health-api/3.3.1/smallrye-health-api-3.3.1.jar:/home/melke/.m2/repository/io/smallrye/smallrye-health-provided-checks/3.3.1/smallrye-health-provided-checks-3.3.1.jar:/home/melke/.m2/repository/io/quarkus/quarkus-jsonp/2.16.5.Final/quarkus-jsonp-2.16.5.Final.jar:/home/melke/.m2/repository/org/glassfish/jakarta.json/1.1.6/jakarta.json-1.1.6.jar:"/>
    <property name="java.vm.vendor" value="Eclipse Adoptium"/>
    <property name="org.uberfire.nio.git.daemon.enabled" value="false"/>
    <property name="sun.arch.data.model" value="64"/>
    <property name="java.vendor.url" value="https://adoptium.net/"/>
    <property name="user.timezone" value="America/Los_Angeles"/>
    <property name="logging.initial-configurator.min-level" value="500"/>
    <property name="os.name" value="Linux"/>
    <property name="java.vm.specification.version" value="11"/>
    <property name="sun.java.launcher" value="SUN_STANDARD"/>
    <property name="user.country" value="US"/>
    <property name="mp.openapi.extensions.smallrye.defaultProduces" value="application/json"/>
    <property name="quarkus.http.test-port" value="46483"/>
    <property name="sun.boot.library.path" value="/home/melke/jdk-11.0.17+8/lib"/>
    <property name="sun.java.command" value="/home/melke/kogito-examples/kogito-quarkus-examples/dmn-quarkus-example/target/surefire/surefirebooter7604799062998825754.jar /home/melke/kogito-examples/kogito-quarkus-examples/dmn-quarkus-example/target/surefire 2023-05-19T10-34-55_715-jvmRun1 surefire1606314346531160755tmp surefire_03130063088402526547tmp"/>
    <property name="jdk.debug" value="release"/>
    <property name="surefire.test.class.path" value="/home/melke/kogito-examples/kogito-quarkus-examples/dmn-quarkus-example/target/test-classes:/home/melke/kogito-examples/kogito-quarkus-examples/dmn-quarkus-example/target/classes:/home/melke/.m2/repository/org/kie/kogito/kogito-quarkus-decisions/1.37.0.Final/kogito-quarkus-decisions-1.37.0.Final.jar:/home/melke/.m2/repository/org/kie/kogito/kogito-quarkus-common/1.37.0.Final/kogito-quarkus-common-1.37.0.Final.jar:/home/melke/.m2/repository/org/kie/kogito/kogito-api-incubation-application/1.37.0.Final/kogito-api-incubation-application-1.37.0.Final.jar:/home/melke/.m2/repository/org/kie/kogito/kogito-api-incubation-common/1.37.0.Final/kogito-api-incubation-common-1.37.0.Final.jar:/home/melke/.m2/repository/org/kie/kogito/kogito-api-incubation-common-objectmapper/1.37.0.Final/kogito-api-incubation-common-objectmapper-1.37.0.Final.jar:/home/melke/.m2/repository/org/mvel/mvel2/2.4.12.Final/mvel2-2.4.12.Final.jar:/home/melke/.m2/repository/com/jayway/jsonpath/json-path/2.6.0/json-path-2.6.0.jar:/home/melke/.m2/repository/net/minidev/json-smart/2.4.7/json-smart-2.4.7.jar:/home/melke/.m2/repository/net/minidev/accessors-smart/2.4.7/accessors-smart-2.4.7.jar:/home/melke/.m2/repository/io/quarkus/arc/arc-processor/2.16.5.Final/arc-processor-2.16.5.Final.jar:/home/melke/.m2/repository/io/quarkus/gizmo/gizmo/1.6.0.Final/gizmo-1.6.0.Final.jar:/home/melke/.m2/repository/org/ow2/asm/asm-util/9.4/asm-util-9.4.jar:/home/melke/.m2/repository/org/ow2/asm/asm-analysis/9.4/asm-analysis-9.4.jar:/home/melke/.m2/repository/org/kie/kogito/kogito-api/1.37.0.Final/kogito-api-1.37.0.Final.jar:/home/melke/.m2/repository/io/cloudevents/cloudevents-api/2.3.0/cloudevents-api-2.3.0.jar:/home/melke/.m2/repository/org/kie/kie-dmn-api/8.37.0.Final/kie-dmn-api-8.37.0.Final.jar:/home/melke/.m2/repository/org/kie/kogito/kogito-timer/1.37.0.Final/kogito-timer-1.37.0.Final.jar:/home/melke/.m2/repository/org/kie/kogito/kogito-pmml-api-dependencies/1.37.0.Final/kogito-pmml-api-dependencies-1.37.0.Final.jar:/home/melke/.m2/repository/org/kie/kie-pmml-evaluator-api/8.37.0.Final/kie-pmml-evaluator-api-8.37.0.Final.jar:/home/melke/.m2/repository/org/kie/kie-pmml-commons/8.37.0.Final/kie-pmml-commons-8.37.0.Final.jar:/home/melke/.m2/repository/org/apache/commons/commons-text/1.10.0/commons-text-1.10.0.jar:/home/melke/.m2/repository/jakarta/annotation/jakarta.annotation-api/1.3.5/jakarta.annotation-api-1.3.5.jar:/home/melke/.m2/repository/org/kie/kogito/kogito-api-incubation-decisions-services/1.37.0.Final/kogito-api-incubation-decisions-services-1.37.0.Final.jar:/home/melke/.m2/repository/org/kie/kogito/kogito-api-incubation-decisions/1.37.0.Final/kogito-api-incubation-decisions-1.37.0.Final.jar:/home/melke/.m2/repository/io/cloudevents/cloudevents-json-jackson/2.3.0/cloudevents-json-jackson-2.3.0.jar:/home/melke/.m2/repository/io/cloudevents/cloudevents-core/2.3.0/cloudevents-core-2.3.0.jar:/home/melke/.m2/repository/com/fasterxml/jackson/core/jackson-core/2.14.2/jackson-core-2.14.2.jar:/home/melke/.m2/repository/com/fasterxml/jackson/core/jackson-databind/2.14.2/jackson-databind-2.14.2.jar:/home/melke/.m2/repository/org/kie/kogito/kogito-dmn/1.37.0.Final/kogito-dmn-1.37.0.Final.jar:/home/melke/.m2/repository/org/kie/kie-dmn-core/8.37.0.Final/kie-dmn-core-8.37.0.Final.jar:/home/melke/.m2/repository/org/kie/kie-dmn-model/8.37.0.Final/kie-dmn-model-8.37.0.Final.jar:/home/melke/.m2/repository/org/kie/kie-dmn-backend/8.37.0.Final/kie-dmn-backend-8.37.0.Final.jar:/home/melke/.m2/repository/org/kie/kie-dmn-feel/8.37.0.Final/kie-dmn-feel-8.37.0.Final.jar:/home/melke/.m2/repository/ch/obermuhlner/big-math/2.0.1/big-math-2.0.1.jar:/home/melke/.m2/repository/org/kie/kie-memory-compiler/8.37.0.Final/kie-memory-compiler-8.37.0.Final.jar:/home/melke/.m2/repository/org/drools/drools-model-compiler/8.37.0.Final/drools-model-compiler-8.37.0.Final.jar:/home/melke/.m2/repository/com/github/javaparser/javaparser-core/3.24.2/javaparser-core-3.24.2.jar:/home/melke/.m2/repository/org/drools/drools-mvel-parser/8.37.0.Final/drools-mvel-parser-8.37.0.Final.jar:/home/melke/.m2/repository/org/drools/drools-alphanetwork-compiler/8.37.0.Final/drools-alphanetwork-compiler-8.37.0.Final.jar:/home/melke/.m2/repository/org/kie/efesto-runtime-manager-core/8.37.0.Final/efesto-runtime-manager-core-8.37.0.Final.jar:/home/melke/.m2/repository/org/kie/efesto-runtime-manager-api/8.37.0.Final/efesto-runtime-manager-api-8.37.0.Final-tests.jar:/home/melke/.m2/repository/org/kie/efesto-common-utils/8.37.0.Final/efesto-common-utils-8.37.0.Final.jar:/home/melke/.m2/repository/org/antlr/antlr4-runtime/4.10.1/antlr4-runtime-4.10.1.jar:/home/melke/.m2/repository/org/jpmml/pmml-model/1.5.1/pmml-model-1.5.1.jar:/home/melke/.m2/repository/org/jpmml/pmml-agent/1.5.1/pmml-agent-1.5.1.jar:/home/melke/.m2/repository/org/kie/kie-dmn-validation/8.37.0.Final/kie-dmn-validation-8.37.0.Final.jar:/home/melke/.m2/repository/io/quarkus/quarkus-resteasy/2.16.5.Final/quarkus-resteasy-2.16.5.Final.jar:/home/melke/.m2/repository/io/quarkus/quarkus-vertx-http/2.16.5.Final/quarkus-vertx-http-2.16.5.Final.jar:/home/melke/.m2/repository/io/quarkus/quarkus-security-runtime-spi/2.16.5.Final/quarkus-security-runtime-spi-2.16.5.Final.jar:/home/melke/.m2/repository/io/quarkus/quarkus-credentials/2.16.5.Final/quarkus-credentials-2.16.5.Final.jar:/home/melke/.m2/repository/io/quarkus/quarkus-mutiny/2.16.5.Final/quarkus-mutiny-2.16.5.Final.jar:/home/melke/.m2/repository/io/quarkus/quarkus-smallrye-context-propagation/2.16.5.Final/quarkus-smallrye-context-propagation-2.16.5.Final.jar:/home/melke/.m2/repository/io/smallrye/smallrye-context-propagation/1.2.2/smallrye-context-propagation-1.2.2.jar:/home/melke/.m2/repository/io/smallrye/smallrye-context-propagation-api/1.2.2/smallrye-context-propagation-api-1.2.2.jar:/home/melke/.m2/repository/io/smallrye/smallrye-context-propagation-storage/1.2.2/smallrye-context-propagation-storage-1.2.2.jar:/home/melke/.m2/repository/io/smallrye/reactive/mutiny-smallrye-context-propagation/1.9.0/mutiny-smallrye-context-propagation-1.9.0.jar:/home/melke/.m2/repository/io/smallrye/common/smallrye-common-vertx-context/1.13.2/smallrye-common-vertx-context-1.13.2.jar:/home/melke/.m2/repository/io/vertx/vertx-core/4.3.7/vertx-core-4.3.7.jar:/home/melke/.m2/repository/io/netty/netty-common/4.1.86.Final/netty-common-4.1.86.Final.jar:/home/melke/.m2/repository/io/netty/netty-buffer/4.1.86.Final/netty-buffer-4.1.86.Final.jar:/home/melke/.m2/repository/io/netty/netty-transport/4.1.86.Final/netty-transport-4.1.86.Final.jar:/home/melke/.m2/repository/io/netty/netty-handler/4.1.86.Final/netty-handler-4.1.86.Final.jar:/home/melke/.m2/repository/io/netty/netty-transport-native-unix-common/4.1.86.Final/netty-transport-native-unix-common-4.1.86.Final.jar:/home/melke/.m2/repository/io/netty/netty-handler-proxy/4.1.86.Final/netty-handler-proxy-4.1.86.Final.jar:/home/melke/.m2/repository/io/netty/netty-codec-socks/4.1.86.Final/netty-codec-socks-4.1.86.Final.jar:/home/melke/.m2/repository/io/netty/netty-codec-http/4.1.86.Final/netty-codec-http-4.1.86.Final.jar:/home/melke/.m2/repository/io/netty/netty-codec-http2/4.1.86.Final/netty-codec-http2-4.1.86.Final.jar:/home/melke/.m2/repository/io/netty/netty-resolver/4.1.86.Final/netty-resolver-4.1.86.Final.jar:/home/melke/.m2/repository/io/netty/netty-resolver-dns/4.1.86.Final/netty-resolver-dns-4.1.86.Final.jar:/home/melke/.m2/repository/io/netty/netty-codec-dns/4.1.86.Final/netty-codec-dns-4.1.86.Final.jar:/home/melke/.m2/repository/io/smallrye/common/smallrye-common-constraint/1.13.2/smallrye-common-constraint-1.13.2.jar:/home/melke/.m2/repository/io/quarkus/quarkus-vertx-http-dev-console-runtime-spi/2.16.5.Final/quarkus-vertx-http-dev-console-runtime-spi-2.16.5.Final.jar:/home/melke/.m2/repository/io/quarkus/security/quarkus-security/1.1.4.Final/quarkus-security-1.1.4.Final.jar:/home/melke/.m2/repository/io/quarkus/quarkus-vertx/2.16.5.Final/quarkus-vertx-2.16.5.Final.jar:/home/melke/.m2/repository/io/quarkus/quarkus-netty/2.16.5.Final/quarkus-netty-2.16.5.Final.jar:/home/melke/.m2/repository/io/netty/netty-codec/4.1.86.Final/netty-codec-4.1.86.Final.jar:/home/melke/.m2/repository/com/aayushatharva/brotli4j/brotli4j/1.8.0/brotli4j-1.8.0.jar:/home/melke/.m2/repository/com/aayushatharva/brotli4j/native-linux-x86_64/1.8.0/native-linux-x86_64-1.8.0.jar:/home/melke/.m2/repository/io/netty/netty-codec-haproxy/4.1.86.Final/netty-codec-haproxy-4.1.86.Final.jar:/home/melke/.m2/repository/io/smallrye/common/smallrye-common-annotation/1.13.2/smallrye-common-annotation-1.13.2.jar:/home/melke/.m2/repository/io/quarkus/quarkus-vertx-latebound-mdc-provider/2.16.5.Final/quarkus-vertx-latebound-mdc-provider-2.16.5.Final.jar:/home/melke/.m2/repository/io/smallrye/reactive/smallrye-mutiny-vertx-core/2.30.1/smallrye-mutiny-vertx-core-2.30.1.jar:/home/melke/.m2/repository/io/smallrye/reactive/smallrye-mutiny-vertx-runtime/2.30.1/smallrye-mutiny-vertx-runtime-2.30.1.jar:/home/melke/.m2/repository/io/smallrye/reactive/vertx-mutiny-generator/2.30.1/vertx-mutiny-generator-2.30.1.jar:/home/melke/.m2/repository/io/vertx/vertx-codegen/4.3.7/vertx-codegen-4.3.7.jar:/home/melke/.m2/repository/io/smallrye/smallrye-fault-tolerance-vertx/5.6.0/smallrye-fault-tolerance-vertx-5.6.0.jar:/home/melke/.m2/repository/io/smallrye/reactive/smallrye-mutiny-vertx-web/2.30.1/smallrye-mutiny-vertx-web-2.30.1.jar:/home/melke/.m2/repository/io/smallrye/reactive/smallrye-mutiny-vertx-web-common/2.30.1/smallrye-mutiny-vertx-web-common-2.30.1.jar:/home/melke/.m2/repository/io/smallrye/reactive/smallrye-mutiny-vertx-auth-common/2.30.1/smallrye-mutiny-vertx-auth-common-2.30.1.jar:/home/melke/.m2/repository/io/smallrye/reactive/smallrye-mutiny-vertx-bridge-common/2.30.1/smallrye-mutiny-vertx-bridge-common-2.30.1.jar:/home/melke/.m2/repository/io/smallrye/reactive/smallrye-mutiny-vertx-uri-template/2.30.1/smallrye-mutiny-vertx-uri-template-2.30.1.jar:/home/melke/.m2/repository/io/vertx/vertx-uri-template/4.3.7/vertx-uri-template-4.3.7.jar:/home/melke/.m2/repository/io/vertx/vertx-web/4.3.7/vertx-web-4.3.7.jar:/home/melke/.m2/repository/io/vertx/vertx-web-common/4.3.7/vertx-web-common-4.3.7.jar:/home/melke/.m2/repository/io/vertx/vertx-auth-common/4.3.7/vertx-auth-common-4.3.7.jar:/home/melke/.m2/repository/io/vertx/vertx-bridge-common/4.3.7/vertx-bridge-common-4.3.7.jar:/home/melke/.m2/repository/io/github/crac/org-crac/0.1.3/org-crac-0.1.3.jar:/home/melke/.m2/repository/io/quarkus/quarkus-resteasy-server-common/2.16.5.Final/quarkus-resteasy-server-common-2.16.5.Final.jar:/home/melke/.m2/repository/io/quarkus/quarkus-resteasy-common/2.16.5.Final/quarkus-resteasy-common-2.16.5.Final.jar:/home/melke/.m2/repository/org/jboss/resteasy/resteasy-core/4.7.7.Final/resteasy-core-4.7.7.Final.jar:/home/melke/.m2/repository/org/jboss/spec/javax/ws/rs/jboss-jaxrs-api_2.1_spec/2.0.1.Final/jboss-jaxrs-api_2.1_spec-2.0.1.Final.jar:/home/melke/.m2/repository/org/jboss/resteasy/resteasy-core-spi/4.7.7.Final/resteasy-core-spi-4.7.7.Final.jar:/home/melke/.m2/repository/com/ibm/async/asyncutil/0.1.0/asyncutil-0.1.0.jar:/home/melke/.m2/repository/com/sun/activation/jakarta.activation/1.2.1/jakarta.activation-1.2.1.jar:/home/melke/.m2/repository/jakarta/validation/jakarta.validation-api/2.0.2/jakarta.validation-api-2.0.2.jar:/home/melke/.m2/repository/io/quarkus/quarkus-arc/2.16.5.Final/quarkus-arc-2.16.5.Final.jar:/home/melke/.m2/repository/io/quarkus/arc/arc/2.16.5.Final/arc-2.16.5.Final.jar:/home/melke/.m2/repository/jakarta/enterprise/jakarta.enterprise.cdi-api/2.0.2/jakarta.enterprise.cdi-api-2.0.2.jar:/home/melke/.m2/repository/jakarta/el/jakarta.el-api/3.0.3/jakarta.el-api-3.0.3.jar:/home/melke/.m2/repository/jakarta/interceptor/jakarta.interceptor-api/1.2.5/jakarta.interceptor-api-1.2.5.jar:/home/melke/.m2/repository/jakarta/transaction/jakarta.transaction-api/1.3.3/jakarta.transaction-api-1.3.3.jar:/home/melke/.m2/repository/io/smallrye/reactive/mutiny/1.9.0/mutiny-1.9.0.jar:/home/melke/.m2/repository/org/reactivestreams/reactive-streams/1.0.3/reactive-streams-1.0.3.jar:/home/melke/.m2/repository/org/jboss/logging/jboss-logging/3.5.0.Final/jboss-logging-3.5.0.Final.jar:/home/melke/.m2/repository/io/quarkus/quarkus-core/2.16.5.Final/quarkus-core-2.16.5.Final.jar:/home/melke/.m2/repository/jakarta/inject/jakarta.inject-api/1.0/jakarta.inject-api-1.0.jar:/home/melke/.m2/repository/io/quarkus/quarkus-ide-launcher/2.16.5.Final/quarkus-ide-launcher-2.16.5.Final.jar:/home/melke/.m2/repository/io/quarkus/quarkus-development-mode-spi/2.16.5.Final/quarkus-development-mode-spi-2.16.5.Final.jar:/home/melke/.m2/repository/io/smallrye/config/smallrye-config/2.13.3/smallrye-config-2.13.3.jar:/home/melke/.m2/repository/io/smallrye/config/smallrye-config-core/2.13.3/smallrye-config-core-2.13.3.jar:/home/melke/.m2/repository/io/smallrye/common/smallrye-common-expression/1.13.2/smallrye-common-expression-1.13.2.jar:/home/melke/.m2/repository/io/smallrye/common/smallrye-common-function/1.13.2/smallrye-common-function-1.13.2.jar:/home/melke/.m2/repository/io/smallrye/common/smallrye-common-classloader/1.13.2/smallrye-common-classloader-1.13.2.jar:/home/melke/.m2/repository/io/smallrye/config/smallrye-config-common/2.13.3/smallrye-config-common-2.13.3.jar:/home/melke/.m2/repository/org/jboss/logmanager/jboss-logmanager-embedded/1.0.11/jboss-logmanager-embedded-1.0.11.jar:/home/melke/.m2/repository/org/jboss/logging/jboss-logging-annotations/2.2.1.Final/jboss-logging-annotations-2.2.1.Final.jar:/home/melke/.m2/repository/org/jboss/threads/jboss-threads/3.4.3.Final/jboss-threads-3.4.3.Final.jar:/home/melke/.m2/repository/org/slf4j/slf4j-api/1.7.36/slf4j-api-1.7.36.jar:/home/melke/.m2/repository/org/jboss/slf4j/slf4j-jboss-logmanager/1.2.0.Final/slf4j-jboss-logmanager-1.2.0.Final.jar:/home/melke/.m2/repository/org/graalvm/sdk/graal-sdk/22.3.0/graal-sdk-22.3.0.jar:/home/melke/.m2/repository/org/wildfly/common/wildfly-common/1.5.4.Final-format-001/wildfly-common-1.5.4.Final-format-001.jar:/home/melke/.m2/repository/io/quarkus/quarkus-bootstrap-runner/2.16.5.Final/quarkus-bootstrap-runner-2.16.5.Final.jar:/home/melke/.m2/repository/io/quarkus/quarkus-fs-util/0.0.9/quarkus-fs-util-0.0.9.jar:/home/melke/.m2/repository/org/eclipse/microprofile/context-propagation/microprofile-context-propagation-api/1.2/microprofile-context-propagation-api-1.2.jar:/home/melke/.m2/repository/io/quarkus/quarkus-resteasy-jackson/2.16.5.Final/quarkus-resteasy-jackson-2.16.5.Final.jar:/home/melke/.m2/repository/io/quarkus/quarkus-jackson/2.16.5.Final/quarkus-jackson-2.16.5.Final.jar:/home/melke/.m2/repository/com/fasterxml/jackson/datatype/jackson-datatype-jsr310/2.14.2/jackson-datatype-jsr310-2.14.2.jar:/home/melke/.m2/repository/com/fasterxml/jackson/datatype/jackson-datatype-jdk8/2.14.2/jackson-datatype-jdk8-2.14.2.jar:/home/melke/.m2/repository/com/fasterxml/jackson/module/jackson-module-parameter-names/2.14.2/jackson-module-parameter-names-2.14.2.jar:/home/melke/.m2/repository/org/jboss/resteasy/resteasy-jackson2-provider/4.7.7.Final/resteasy-jackson2-provider-4.7.7.Final.jar:/home/melke/.m2/repository/com/fasterxml/jackson/core/jackson-annotations/2.14.2/jackson-annotations-2.14.2.jar:/home/melke/.m2/repository/com/fasterxml/jackson/jaxrs/jackson-jaxrs-json-provider/2.14.2/jackson-jaxrs-json-provider-2.14.2.jar:/home/melke/.m2/repository/com/fasterxml/jackson/jaxrs/jackson-jaxrs-base/2.14.2/jackson-jaxrs-base-2.14.2.jar:/home/melke/.m2/repository/com/fasterxml/jackson/module/jackson-module-jaxb-annotations/2.14.2/jackson-module-jaxb-annotations-2.14.2.jar:/home/melke/.m2/repository/com/github/java-json-tools/json-patch/1.13/json-patch-1.13.jar:/home/melke/.m2/repository/com/github/java-json-tools/msg-simple/1.2/msg-simple-1.2.jar:/home/melke/.m2/repository/com/github/java-json-tools/btf/1.3/btf-1.3.jar:/home/melke/.m2/repository/com/github/java-json-tools/jackson-coreutils/2.0/jackson-coreutils-2.0.jar:/home/melke/.m2/repository/org/jboss/spec/javax/xml/bind/jboss-jaxb-api_2.3_spec/2.0.0.Final/jboss-jaxb-api_2.3_spec-2.0.0.Final.jar:/home/melke/.m2/repository/io/quarkus/quarkus-openshift/2.16.5.Final/quarkus-openshift-2.16.5.Final.jar:/home/melke/.m2/repository/io/quarkus/quarkus-kubernetes-client-internal/2.16.5.Final/quarkus-kubernetes-client-internal-2.16.5.Final.jar:/home/melke/.m2/repository/io/quarkus/quarkus-container-image-openshift/2.16.5.Final/quarkus-container-image-openshift-2.16.5.Final.jar:/home/melke/.m2/repository/io/quarkus/quarkus-container-image/2.16.5.Final/quarkus-container-image-2.16.5.Final.jar:/home/melke/.m2/repository/io/quarkus/quarkus-kubernetes/2.16.5.Final/quarkus-kubernetes-2.16.5.Final.jar:/home/melke/.m2/repository/io/quarkus/quarkus-smallrye-openapi/2.16.5.Final/quarkus-smallrye-openapi-2.16.5.Final.jar:/home/melke/.m2/repository/io/smallrye/smallrye-open-api-core/3.1.1/smallrye-open-api-core-3.1.1.jar:/home/melke/.m2/repository/org/eclipse/microprofile/openapi/microprofile-openapi-api/2.0.1/microprofile-openapi-api-2.0.1.jar:/home/melke/.m2/repository/org/eclipse/microprofile/config/microprofile-config-api/2.0.1/microprofile-config-api-2.0.1.jar:/home/melke/.m2/repository/com/fasterxml/jackson/dataformat/jackson-dataformat-yaml/2.14.2/jackson-dataformat-yaml-2.14.2.jar:/home/melke/.m2/repository/org/yaml/snakeyaml/1.33/snakeyaml-1.33.jar:/home/melke/.m2/repository/io/smallrye/jandex/3.0.5/jandex-3.0.5.jar:/home/melke/.m2/repository/io/quarkus/quarkus-swagger-ui/2.16.5.Final/quarkus-swagger-ui-2.16.5.Final.jar:/home/melke/.m2/repository/io/quarkus/quarkus-junit5/2.16.5.Final/quarkus-junit5-2.16.5.Final.jar:/home/melke/.m2/repository/io/quarkus/quarkus-bootstrap-core/2.16.5.Final/quarkus-bootstrap-core-2.16.5.Final.jar:/home/melke/.m2/repository/io/quarkus/quarkus-bootstrap-app-model/2.16.5.Final/quarkus-bootstrap-app-model-2.16.5.Final.jar:/home/melke/.m2/repository/io/smallrye/common/smallrye-common-io/1.13.2/smallrye-common-io-1.13.2.jar:/home/melke/.m2/repository/org/eclipse/sisu/org.eclipse.sisu.inject/0.3.5/org.eclipse.sisu.inject-0.3.5.jar:/home/melke/.m2/repository/io/quarkus/quarkus-test-common/2.16.5.Final/quarkus-test-common-2.16.5.Final.jar:/home/melke/.m2/repository/io/quarkus/quarkus-core-deployment/2.16.5.Final/quarkus-core-deployment-2.16.5.Final.jar:/home/melke/.m2/repository/org/aesh/readline/2.2/readline-2.2.jar:/home/melke/.m2/repository/org/fusesource/jansi/jansi/1.18/jansi-1.18.jar:/home/melke/.m2/repository/org/aesh/aesh/2.7/aesh-2.7.jar:/home/melke/.m2/repository/org/ow2/asm/asm/9.4/asm-9.4.jar:/home/melke/.m2/repository/org/ow2/asm/asm-commons/9.4/asm-commons-9.4.jar:/home/melke/.m2/repository/org/ow2/asm/asm-tree/9.4/asm-tree-9.4.jar:/home/melke/.m2/repository/io/quarkus/quarkus-class-change-agent/2.16.5.Final/quarkus-class-change-agent-2.16.5.Final.jar:/home/melke/.m2/repository/io/quarkus/quarkus-devtools-utilities/2.16.5.Final/quarkus-devtools-utilities-2.16.5.Final.jar:/home/melke/.m2/repository/io/quarkus/quarkus-builder/2.16.5.Final/quarkus-builder-2.16.5.Final.jar:/home/melke/.m2/repository/org/junit/platform/junit-platform-launcher/1.9.2/junit-platform-launcher-1.9.2.jar:/home/melke/.m2/repository/io/quarkus/quarkus-bootstrap-maven-resolver/2.16.5.Final/quarkus-bootstrap-maven-resolver-2.16.5.Final.jar:/home/melke/.m2/repository/org/apache/maven/maven-embedder/3.8.6/maven-embedder-3.8.6.jar:/home/melke/.m2/repository/org/apache/maven/maven-settings/3.8.6/maven-settings-3.8.6.jar:/home/melke/.m2/repository/org/apache/maven/maven-core/3.8.6/maven-core-3.8.6.jar:/home/melke/.m2/repository/org/apache/maven/maven-artifact/3.8.6/maven-artifact-3.8.6.jar:/home/melke/.m2/repository/org/codehaus/plexus/plexus-component-annotations/1.6/plexus-component-annotations-1.6.jar:/home/melke/.m2/repository/org/apache/maven/maven-plugin-api/3.8.6/maven-plugin-api-3.8.6.jar:/home/melke/.m2/repository/org/apache/maven/maven-model/3.8.6/maven-model-3.8.6.jar:/home/melke/.m2/repository/org/apache/maven/maven-model-builder/3.8.6/maven-model-builder-3.8.6.jar:/home/melke/.m2/repository/org/apache/maven/maven-builder-support/3.8.6/maven-builder-support-3.8.6.jar:/home/melke/.m2/repository/org/apache/maven/resolver/maven-resolver-api/1.6.3/maven-resolver-api-1.6.3.jar:/home/melke/.m2/repository/org/apache/maven/resolver/maven-resolver-util/1.6.3/maven-resolver-util-1.6.3.jar:/home/melke/.m2/repository/org/apache/maven/shared/maven-shared-utils/3.3.4/maven-shared-utils-3.3.4.jar:/home/melke/.m2/repository/commons-io/commons-io/2.11.0/commons-io-2.11.0.jar:/home/melke/.m2/repository/com/google/inject/guice/4.2.2/guice-4.2.2-no_aop.jar:/home/melke/.m2/repository/com/google/guava/guava/31.1-jre/guava-31.1-jre.jar:/home/melke/.m2/repository/com/google/guava/failureaccess/1.0.1/failureaccess-1.0.1.jar:/home/melke/.m2/repository/org/codehaus/plexus/plexus-classworlds/2.6.0/plexus-classworlds-2.6.0.jar:/home/melke/.m2/repository/org/codehaus/plexus/plexus-sec-dispatcher/2.0/plexus-sec-dispatcher-2.0.jar:/home/melke/.m2/repository/org/codehaus/plexus/plexus-cipher/2.0/plexus-cipher-2.0.jar:/home/melke/.m2/repository/commons-cli/commons-cli/1.4/commons-cli-1.4.jar:/home/melke/.m2/repository/org/eclipse/sisu/org.eclipse.sisu.plexus/0.3.5/org.eclipse.sisu.plexus-0.3.5.jar:/home/melke/.m2/repository/org/apache/maven/maven-settings-builder/3.8.6/maven-settings-builder-3.8.6.jar:/home/melke/.m2/repository/org/codehaus/plexus/plexus-interpolation/1.26/plexus-interpolation-1.26.jar:/home/melke/.m2/repository/org/apache/maven/maven-resolver-provider/3.8.6/maven-resolver-provider-3.8.6.jar:/home/melke/.m2/repository/org/apache/maven/maven-repository-metadata/3.8.6/maven-repository-metadata-3.8.6.jar:/home/melke/.m2/repository/org/apache/maven/resolver/maven-resolver-spi/1.6.3/maven-resolver-spi-1.6.3.jar:/home/melke/.m2/repository/org/apache/maven/resolver/maven-resolver-impl/1.6.3/maven-resolver-impl-1.6.3.jar:/home/melke/.m2/repository/org/codehaus/plexus/plexus-utils/3.3.0/plexus-utils-3.3.0.jar:/home/melke/.m2/repository/org/apache/maven/resolver/maven-resolver-connector-basic/1.6.3/maven-resolver-connector-basic-1.6.3.jar:/home/melke/.m2/repository/org/apache/maven/resolver/maven-resolver-transport-wagon/1.6.3/maven-resolver-transport-wagon-1.6.3.jar:/home/melke/.m2/repository/org/apache/maven/wagon/wagon-http/3.5.1/wagon-http-3.5.1.jar:/home/melke/.m2/repository/org/apache/maven/wagon/wagon-http-shared/3.5.1/wagon-http-shared-3.5.1.jar:/home/melke/.m2/repository/org/apache/maven/wagon/wagon-provider-api/3.5.1/wagon-provider-api-3.5.1.jar:/home/melke/.m2/repository/org/apache/maven/wagon/wagon-file/3.5.1/wagon-file-3.5.1.jar:/home/melke/.m2/repository/io/quarkus/quarkus-bootstrap-gradle-resolver/2.16.5.Final/quarkus-bootstrap-gradle-resolver-2.16.5.Final.jar:/home/melke/.m2/repository/org/jboss/logging/commons-logging-jboss-logging/1.0.0.Final/commons-logging-jboss-logging-1.0.0.Final.jar:/home/melke/.m2/repository/io/quarkus/quarkus-junit5-properties/2.16.5.Final/quarkus-junit5-properties-2.16.5.Final.jar:/home/melke/.m2/repository/org/junit/jupiter/junit-jupiter/5.9.2/junit-jupiter-5.9.2.jar:/home/melke/.m2/repository/org/junit/jupiter/junit-jupiter-api/5.9.2/junit-jupiter-api-5.9.2.jar:/home/melke/.m2/repository/org/opentest4j/opentest4j/1.2.0/opentest4j-1.2.0.jar:/home/melke/.m2/repository/org/junit/platform/junit-platform-commons/1.9.2/junit-platform-commons-1.9.2.jar:/home/melke/.m2/repository/org/junit/jupiter/junit-jupiter-params/5.9.2/junit-jupiter-params-5.9.2.jar:/home/melke/.m2/repository/org/junit/jupiter/junit-jupiter-engine/5.9.2/junit-jupiter-engine-5.9.2.jar:/home/melke/.m2/repository/com/thoughtworks/xstream/xstream/1.4.20/xstream-1.4.20.jar:/home/melke/.m2/repository/io/github/x-stream/mxparser/1.2.2/mxparser-1.2.2.jar:/home/melke/.m2/repository/xmlpull/xmlpull/1.1.3.1/xmlpull-1.1.3.1.jar:/home/melke/.m2/repository/io/rest-assured/rest-assured/4.5.1/rest-assured-4.5.1.jar:/home/melke/.m2/repository/org/codehaus/groovy/groovy/3.0.9/groovy-3.0.9.jar:/home/melke/.m2/repository/org/codehaus/groovy/groovy-xml/3.0.9/groovy-xml-3.0.9.jar:/home/melke/.m2/repository/org/apache/httpcomponents/httpclient/4.5.14/httpclient-4.5.14.jar:/home/melke/.m2/repository/org/apache/httpcomponents/httpcore/4.4.16/httpcore-4.4.16.jar:/home/melke/.m2/repository/commons-codec/commons-codec/1.15/commons-codec-1.15.jar:/home/melke/.m2/repository/org/apache/httpcomponents/httpmime/4.5.14/httpmime-4.5.14.jar:/home/melke/.m2/repository/org/hamcrest/hamcrest/2.1/hamcrest-2.1.jar:/home/melke/.m2/repository/org/ccil/cowan/tagsoup/tagsoup/1.2.1/tagsoup-1.2.1.jar:/home/melke/.m2/repository/io/rest-assured/json-path/4.5.1/json-path-4.5.1.jar:/home/melke/.m2/repository/org/codehaus/groovy/groovy-json/3.0.9/groovy-json-3.0.9.jar:/home/melke/.m2/repository/io/rest-assured/rest-assured-common/4.5.1/rest-assured-common-4.5.1.jar:/home/melke/.m2/repository/io/rest-assured/xml-path/4.5.1/xml-path-4.5.1.jar:/home/melke/.m2/repository/org/apache/commons/commons-lang3/3.12.0/commons-lang3-3.12.0.jar:/home/melke/.m2/repository/org/kie/kogito/kogito-scenario-simulation/1.37.0.Final/kogito-scenario-simulation-1.37.0.Final.jar:/home/melke/.m2/repository/org/kie/kogito/kogito-pmml/1.37.0.Final/kogito-pmml-1.37.0.Final.jar:/home/melke/.m2/repository/org/kie/kie-pmml-dependencies/8.37.0.Final/kie-pmml-dependencies-8.37.0.Final.jar:/home/melke/.m2/repository/org/kie/kie-pmml-api/8.37.0.Final/kie-pmml-api-8.37.0.Final.jar:/home/melke/.m2/repository/org/apache/commons/commons-math3/3.4.1/commons-math3-3.4.1.jar:/home/melke/.m2/repository/org/kie/kie-pmml-compiler-api/8.37.0.Final/kie-pmml-compiler-api-8.37.0.Final.jar:/home/melke/.m2/repository/org/glassfish/jaxb/jaxb-runtime/2.3.3-b02/jaxb-runtime-2.3.3-b02.jar:/home/melke/.m2/repository/jakarta/xml/bind/jakarta.xml.bind-api/2.3.3/jakarta.xml.bind-api-2.3.3.jar:/home/melke/.m2/repository/org/glassfish/jaxb/txw2/2.3.3-b02/txw2-2.3.3-b02.jar:/home/melke/.m2/repository/com/sun/istack/istack-commons-runtime/3.0.10/istack-commons-runtime-3.0.10.jar:/home/melke/.m2/repository/org/kie/kie-pmml-compiler-core/8.37.0.Final/kie-pmml-compiler-core-8.37.0.Final.jar:/home/melke/.m2/repository/org/kie/kie-pmml-compiler-commons/8.37.0.Final/kie-pmml-compiler-commons-8.37.0.Final.jar:/home/melke/.m2/repository/org/kie/kie-pmml-evaluator-core/8.37.0.Final/kie-pmml-evaluator-core-8.37.0.Final.jar:/home/melke/.m2/repository/org/kie/kie-pmml-evaluator-utils/8.37.0.Final/kie-pmml-evaluator-utils-8.37.0.Final.jar:/home/melke/.m2/repository/org/kie/kie-pmml-models-drools-common/8.37.0.Final/kie-pmml-models-drools-common-8.37.0.Final.jar:/home/melke/.m2/repository/org/kie/kie-pmml-models-regression-model/8.37.0.Final/kie-pmml-models-regression-model-8.37.0.Final.jar:/home/melke/.m2/repository/org/kie/kie-pmml-models-regression-compiler/8.37.0.Final/kie-pmml-models-regression-compiler-8.37.0.Final.jar:/home/melke/.m2/repository/org/kie/kie-pmml-models-regression-evaluator/8.37.0.Final/kie-pmml-models-regression-evaluator-8.37.0.Final.jar:/home/melke/.m2/repository/org/kie/kie-pmml-models-mining-model/8.37.0.Final/kie-pmml-models-mining-model-8.37.0.Final.jar:/home/melke/.m2/repository/org/kie/kie-pmml-models-mining-compiler/8.37.0.Final/kie-pmml-models-mining-compiler-8.37.0.Final.jar:/home/melke/.m2/repository/org/kie/kie-pmml-models-mining-evaluator/8.37.0.Final/kie-pmml-models-mining-evaluator-8.37.0.Final.jar:/home/melke/.m2/repository/org/kie/kie-pmml-models-clustering-model/8.37.0.Final/kie-pmml-models-clustering-model-8.37.0.Final.jar:/home/melke/.m2/repository/org/kie/kie-pmml-models-clustering-compiler/8.37.0.Final/kie-pmml-models-clustering-compiler-8.37.0.Final.jar:/home/melke/.m2/repository/org/kie/kie-pmml-models-clustering-evaluator/8.37.0.Final/kie-pmml-models-clustering-evaluator-8.37.0.Final.jar:/home/melke/.m2/repository/org/kie/kie-pmml-models-drools-tree-model/8.37.0.Final/kie-pmml-models-drools-tree-model-8.37.0.Final.jar:/home/melke/.m2/repository/org/kie/kie-pmml-models-drools-tree-compiler/8.37.0.Final/kie-pmml-models-drools-tree-compiler-8.37.0.Final.jar:/home/melke/.m2/repository/org/kie/kie-pmml-models-drools-tree-evaluator/8.37.0.Final/kie-pmml-models-drools-tree-evaluator-8.37.0.Final.jar:/home/melke/.m2/repository/org/kie/kie-pmml-compiler-api/8.37.0.Final/kie-pmml-compiler-api-8.37.0.Final-tests.jar:/home/melke/.m2/repository/org/kie/kie-pmml-models-drools-scorecard-model/8.37.0.Final/kie-pmml-models-drools-scorecard-model-8.37.0.Final.jar:/home/melke/.m2/repository/org/kie/kie-pmml-models-drools-scorecard-compiler/8.37.0.Final/kie-pmml-models-drools-scorecard-compiler-8.37.0.Final.jar:/home/melke/.m2/repository/org/kie/kie-pmml-models-drools-scorecard-evaluator/8.37.0.Final/kie-pmml-models-drools-scorecard-evaluator-8.37.0.Final.jar:/home/melke/.m2/repository/org/kie/efesto-dependencies/8.37.0.Final/efesto-dependencies-8.37.0.Final.jar:/home/melke/.m2/repository/org/kie/efesto-common-api/8.37.0.Final/efesto-common-api-8.37.0.Final.jar:/home/melke/.m2/repository/org/kie/efesto-common-core/8.37.0.Final/efesto-common-core-8.37.0.Final.jar:/home/melke/.m2/repository/org/kie/efesto-compilation-manager-api/8.37.0.Final/efesto-compilation-manager-api-8.37.0.Final.jar:/home/melke/.m2/repository/org/kie/efesto-runtime-manager-api/8.37.0.Final/efesto-runtime-manager-api-8.37.0.Final.jar:/home/melke/.m2/repository/org/assertj/assertj-core/3.22.0/assertj-core-3.22.0.jar:/home/melke/.m2/repository/org/kie/kie-drl-compilation-common/8.37.0.Final/kie-drl-compilation-common-8.37.0.Final.jar:/home/melke/.m2/repository/org/kie/efesto-compilation-manager-core/8.37.0.Final/efesto-compilation-manager-core-8.37.0.Final.jar:/home/melke/.m2/repository/org/drools/drools-model-codegen/8.37.0.Final/drools-model-codegen-8.37.0.Final.jar:/home/melke/.m2/repository/org/drools/drools-util/8.37.0.Final/drools-util-8.37.0.Final.jar:/home/melke/.m2/repository/org/drools/drools-codegen-common/8.37.0.Final/drools-codegen-common-8.37.0.Final.jar:/home/melke/.m2/repository/org/drools/drools-mvel-compiler/8.37.0.Final/drools-mvel-compiler-8.37.0.Final.jar:/home/melke/.m2/repository/org/drools/drools-ruleunits-api/8.37.0.Final/drools-ruleunits-api-8.37.0.Final.jar:/home/melke/.m2/repository/org/drools/drools-ruleunits-impl/8.37.0.Final/drools-ruleunits-impl-8.37.0.Final.jar:/home/melke/.m2/repository/org/kie/kie-drl-api/8.37.0.Final/kie-drl-api-8.37.0.Final.jar:/home/melke/.m2/repository/org/kie/kie-drl-map-input-runtime/8.37.0.Final/kie-drl-map-input-runtime-8.37.0.Final.jar:/home/melke/.m2/repository/org/kie/kie-drl-runtime-common/8.37.0.Final/kie-drl-runtime-common-8.37.0.Final.jar:/home/melke/.m2/repository/org/drools/drools-canonical-model/8.37.0.Final/drools-canonical-model-8.37.0.Final.jar:/home/melke/.m2/repository/org/drools/drools-mvel/8.37.0.Final/drools-mvel-8.37.0.Final.jar:/home/melke/.m2/repository/org/kie/kie-api/8.37.0.Final/kie-api-8.37.0.Final.jar:/home/melke/.m2/repository/org/kie/kie-internal/8.37.0.Final/kie-internal-8.37.0.Final.jar:/home/melke/.m2/repository/org/drools/drools-core/8.37.0.Final/drools-core-8.37.0.Final.jar:/home/melke/.m2/repository/org/kie/kie-util-xml/8.37.0.Final/kie-util-xml-8.37.0.Final.jar:/home/melke/.m2/repository/org/drools/drools-wiring-static/8.37.0.Final/drools-wiring-static-8.37.0.Final.jar:/home/melke/.m2/repository/org/drools/drools-io/8.37.0.Final/drools-io-8.37.0.Final.jar:/home/melke/.m2/repository/org/drools/drools-compiler/8.37.0.Final/drools-compiler-8.37.0.Final.jar:/home/melke/.m2/repository/org/drools/drools-drl-parser/8.37.0.Final/drools-drl-parser-8.37.0.Final.jar:/home/melke/.m2/repository/org/drools/drools-drl-extensions/8.37.0.Final/drools-drl-extensions-8.37.0.Final.jar:/home/melke/.m2/repository/org/drools/drools-drl-ast/8.37.0.Final/drools-drl-ast-8.37.0.Final.jar:/home/melke/.m2/repository/org/drools/drools-kiesession/8.37.0.Final/drools-kiesession-8.37.0.Final.jar:/home/melke/.m2/repository/org/drools/drools-ecj/8.37.0.Final/drools-ecj-8.37.0.Final.jar:/home/melke/.m2/repository/org/kie/kie-util-maven-support/8.37.0.Final/kie-util-maven-support-8.37.0.Final.jar:/home/melke/.m2/repository/org/antlr/antlr-runtime/3.5.2/antlr-runtime-3.5.2.jar:/home/melke/.m2/repository/org/kie/kogito/kogito-drools/1.37.0.Final/kogito-drools-1.37.0.Final.jar:/home/melke/.m2/repository/org/drools/drools-wiring-dynamic/8.37.0.Final/drools-wiring-dynamic-8.37.0.Final.jar:/home/melke/.m2/repository/org/drools/drools-wiring-api/8.37.0.Final/drools-wiring-api-8.37.0.Final.jar:/home/melke/.m2/repository/org/junit/vintage/junit-vintage-engine/5.9.2/junit-vintage-engine-5.9.2.jar:/home/melke/.m2/repository/org/junit/platform/junit-platform-engine/1.9.2/junit-platform-engine-1.9.2.jar:/home/melke/.m2/repository/junit/junit/4.13.2/junit-4.13.2.jar:/home/melke/.m2/repository/org/hamcrest/hamcrest-core/1.3/hamcrest-core-1.3.jar:/home/melke/.m2/repository/org/apiguardian/apiguardian-api/1.1.2/apiguardian-api-1.1.2.jar:/home/melke/.m2/repository/org/drools/drools-scenario-simulation-api/8.37.0.Final/drools-scenario-simulation-api-8.37.0.Final.jar:/home/melke/.m2/repository/org/drools/drools-scenario-simulation-backend/8.37.0.Final/drools-scenario-simulation-backend-8.37.0.Final.jar:/home/melke/.m2/repository/org/drools/drools-commands/8.37.0.Final/drools-commands-8.37.0.Final.jar:/home/melke/.m2/repository/io/quarkus/quarkus-smallrye-health/2.16.5.Final/quarkus-smallrye-health-2.16.5.Final.jar:/home/melke/.m2/repository/io/smallrye/smallrye-health/3.3.1/smallrye-health-3.3.1.jar:/home/melke/.m2/repository/org/eclipse/microprofile/health/microprofile-health-api/3.1/microprofile-health-api-3.1.jar:/home/melke/.m2/repository/io/smallrye/smallrye-health-api/3.3.1/smallrye-health-api-3.3.1.jar:/home/melke/.m2/repository/io/smallrye/smallrye-health-provided-checks/3.3.1/smallrye-health-provided-checks-3.3.1.jar:/home/melke/.m2/repository/io/quarkus/quarkus-jsonp/2.16.5.Final/quarkus-jsonp-2.16.5.Final.jar:/home/melke/.m2/repository/org/glassfish/jakarta.json/1.1.6/jakarta.json-1.1.6.jar:"/>
    <property name="sun.cpu.endian" value="little"/>
    <property name="user.home" value="/home/melke"/>
    <property name="user.language" value="en"/>
    <property name="jboss.log-version" value="false"/>
    <property name="maven.settings" value="/home/melke/.m2/settings.xml"/>
    <property name="java.specification.vendor" value="Oracle Corporation"/>
    <property name="io.netty.allocator.maxOrder" value="3"/>
    <property name="java.version.date" value="2022-10-18"/>
    <property name="java.home" value="/home/melke/jdk-11.0.17+8"/>
    <property name="file.separator" value="/"/>
    <property name="basedir" value="/home/melke/kogito-examples/kogito-quarkus-examples/dmn-quarkus-example"/>
    <property name="java.vm.compressedOopsMode" value="Zero based"/>
    <property name="line.separator" value="&#10;"/>
    <property name="quarkus.kubernetes-client.api-server-url" value="https://api.pocdemo.49s2.p1.openshiftapps.com:6443"/>
    <property name="java.specification.name" value="Java Platform API Specification"/>
    <property name="java.vm.specification.vendor" value="Oracle Corporation"/>
    <property name="java.awt.graphicsenv" value="sun.awt.X11GraphicsEnvironment"/>
    <property name="quarkus.kubernetes.deploy" value="true"/>
    <property name="%test.quarkus.http.port" value="46483"/>
    <property name="org.uberfire.sys.repo.monitor.disabled" value="true"/>
    <property name="surefire.real.class.path" value="/home/melke/kogito-examples/kogito-quarkus-examples/dmn-quarkus-example/target/surefire/surefirebooter7604799062998825754.jar"/>
    <property name="tests.category" value=""/>
    <property name="sun.management.compiler" value="HotSpot 64-Bit Tiered Compilers"/>
    <property name="java.runtime.version" value="11.0.17+8"/>
    <property name="user.name" value="melke"/>
    <property name="dev.resteasy.exception.mapper" value="false"/>
    <property name="path.separator" value=":"/>
    <property name="os.version" value="5.15.0-67-generic"/>
    <property name="java.runtime.name" value="OpenJDK Runtime Environment"/>
    <property name="file.encoding" value="UTF-8"/>
    <property name="java.vm.name" value="OpenJDK 64-Bit Server VM"/>
    <property name="java.vendor.version" value="Temurin-11.0.17+8"/>
    <property name="org.uberfire.nio.git.ssh.enabled" value="false"/>
    <property name="localRepository" value="/home/melke/.m2/repository"/>
    <property name="java.vendor.url.bug" value="https://github.com/adoptium/adoptium-support/issues"/>
    <property name="java.io.tmpdir" value="/home/melke/kogito-examples/kogito-quarkus-examples/dmn-quarkus-example/target"/>
    <property name="quarkus.log.file.path" value="target/quarkus.log"/>
    <property name="java.version" value="11.0.17"/>
    <property name="java.util.concurrent.ForkJoinPool.common.threadFactory" value="io.quarkus.bootstrap.forkjoin.QuarkusForkJoinWorkerThreadFactory"/>
    <property name="user.dir" value="/home/melke/kogito-examples/kogito-quarkus-examples/dmn-quarkus-example"/>
    <property name="os.arch" value="amd64"/>
    <property name="java.vm.specification.name" value="Java Virtual Machine Specification"/>
    <property name="vertx.disableDnsResolver" value="true"/>
    <property name="java.awt.printerjob" value="sun.print.PSPrinterJob"/>
    <property name="sun.os.patch.level" value="unknown"/>
    <property name="quarkus.kubernetes-client.token" value="sha256~iz8DLAZcBCKsMt1J3sB3saSamgKu_Du_eRons8x-4p8"/>
    <property name="java.util.logging.manager" value="org.jboss.logmanager.LogManager"/>
    <property name="java.library.path" value="/usr/java/packages/lib:/usr/lib64:/lib64:/lib:/usr/lib"/>
    <property name="java.vm.info" value="mixed mode"/>
    <property name="java.vendor" value="Eclipse Adoptium"/>
    <property name="vertx.disableTCCL" value="true"/>
    <property name="java.vm.version" value="11.0.17+8"/>
    <property name="sun.io.unicode.encoding" value="UnicodeLittle"/>
    <property name="apple.awt.UIElement" value="true"/>
    <property name="maven.repo.local" value="/home/melke/.m2/repository"/>
    <property name="enforcer.skip" value="true"/>
    <property name="io.netty.machineId" value="60:a3:42:5a:30:b3:30:00"/>
    <property name="java.class.version" value="55.0"/>
    <property name="quarkus.http.port" value="46483"/>
    <property name="mp.openapi.extensions.smallrye.defaultConsumes" value="application/json"/>
  </properties>
  <testcase name="testEvaluateTrafficViolation" classname="org.kie.kogito.dmn.quarkus.example.TrafficViolationTest" time="4.208">
    <system-out><![CDATA[2023-05-19 10:35:02,543 INFO  [org.kie.kog.cod.api.uti.AddonsConfigDiscovery] (build-7) Performed addonsConfig discovery, found: AddonsConfig{usePersistence=false, useTracing=false, useMonitoring=false, usePrometheusMonitoring=false, useCloudEvents=false, useExplainability=false, useProcessSVG=false, useEventDrivenDecisions=false, useEventDrivenRules=false}
2023-05-19 10:35:02,622 INFO  [org.kie.kog.cod.cor.uti.ApplicationGeneratorDiscovery] (build-72) Generator discovery performed, found [decisions]
2023-05-19 10:35:04,082 INFO  [org.kie.kog.cod.dec.DecisionValidation] (build-72) Initializing DMN DT Validator...
2023-05-19 10:35:04,082 INFO  [org.kie.kog.cod.dec.DecisionValidation] (build-72) DMN DT Validator initialized.
2023-05-19 10:35:04,083 INFO  [org.kie.kog.cod.dec.DecisionValidation] (build-72) Analysing decision tables in DMN Model 'Traffic Violation' ...
2023-05-19 10:35:04,115 INFO  [org.kie.kog.cod.dec.DecisionValidation] (build-72)  analysis for decision table 'Fine':
2023-05-19 10:35:04,119 WARN  [org.kie.kog.cod.dec.DecisionValidation] (build-72)   Columns: [Violation.Type] relate to FEEL string values which can be enumerated for the inputs; Gap analysis skipped.
2023-05-19 10:35:09,552 WARN  [io.qua.config] (main) Unrecognized configuration key "quarkus.kubernetes-client.api-server-url" was provided; it will be ignored; verify that the dependency extension for this configuration is set or that you did not make a typo
2023-05-19 10:35:11,502 INFO  [io.quarkus] (main) dmn-quarkus-example 1.37.0.Final on JVM (powered by Quarkus 2.16.5.Final) started in 11.472s. Listening on: http://localhost:46483
2023-05-19 10:35:11,503 INFO  [io.quarkus] (main) Profile test activated. 
2023-05-19 10:35:11,504 INFO  [io.quarkus] (main) Installed features: [cdi, kogito-decisions, kubernetes, resteasy, resteasy-jackson, smallrye-context-propagation, smallrye-health, smallrye-openapi, swagger-ui, vertx]
]]></system-out>
  </testcase>
</testsuite>